c:\users\sunxp\desktop\github\risk-game\part-5\project1\project1\debug\vc141.pdb
c:\users\sunxp\desktop\github\risk-game\part-5\project1\project1\debug\vc141.idb
c:\users\sunxp\desktop\github\risk-game\part-5\project1\project1\debug\hand.obj
c:\users\sunxp\desktop\github\risk-game\part-5\project1\project1\debug\continent.obj
c:\users\sunxp\desktop\github\risk-game\part-5\project1\project1\debug\card.obj
c:\users\sunxp\desktop\github\risk-game\part-5\project1\project1\debug\dice.obj
c:\users\sunxp\desktop\github\risk-game\part-5\project1\project1\debug\player.obj
c:\users\sunxp\desktop\github\risk-game\part-5\project1\project1\debug\map.obj
c:\users\sunxp\desktop\github\risk-game\part-5\project1\project1\debug\country.obj
c:\users\sunxp\desktop\github\risk-game\part-5\project1\project1\debug\main.obj
c:\users\sunxp\desktop\github\risk-game\part-5\project1\project1\debug\deck.obj
c:\users\sunxp\desktop\github\risk-game\part-5\project1\debug\project1.exe
c:\users\sunxp\desktop\github\risk-game\part-5\project1\debug\project1.ilk
c:\users\sunxp\desktop\github\risk-game\part-5\project1\debug\project1.pdb
c:\users\sunxp\desktop\github\risk-game\part-5\project1\project1\debug\project1.tlog\cl.command.1.tlog
c:\users\sunxp\desktop\github\risk-game\part-5\project1\project1\debug\project1.tlog\cl.read.1.tlog
c:\users\sunxp\desktop\github\risk-game\part-5\project1\project1\debug\project1.tlog\cl.write.1.tlog
c:\users\sunxp\desktop\github\risk-game\part-5\project1\project1\debug\project1.tlog\link-cvtres.read.1.tlog
c:\users\sunxp\desktop\github\risk-game\part-5\project1\project1\debug\project1.tlog\link-cvtres.write.1.tlog
c:\users\sunxp\desktop\github\risk-game\part-5\project1\project1\debug\project1.tlog\link-rc.read.1.tlog
c:\users\sunxp\desktop\github\risk-game\part-5\project1\project1\debug\project1.tlog\link-rc.write.1.tlog
c:\users\sunxp\desktop\github\risk-game\part-5\project1\project1\debug\project1.tlog\link.2936-cvtres.read.1.tlog
c:\users\sunxp\desktop\github\risk-game\part-5\project1\project1\debug\project1.tlog\link.2936-cvtres.write.1.tlog
c:\users\sunxp\desktop\github\risk-game\part-5\project1\project1\debug\project1.tlog\link.2936-rc.read.1.tlog
c:\users\sunxp\desktop\github\risk-game\part-5\project1\project1\debug\project1.tlog\link.2936-rc.write.1.tlog
c:\users\sunxp\desktop\github\risk-game\part-5\project1\project1\debug\project1.tlog\link.2936.read.1.tlog
c:\users\sunxp\desktop\github\risk-game\part-5\project1\project1\debug\project1.tlog\link.2936.write.1.tlog
c:\users\sunxp\desktop\github\risk-game\part-5\project1\project1\debug\project1.tlog\link.command.1.tlog
c:\users\sunxp\desktop\github\risk-game\part-5\project1\project1\debug\project1.tlog\link.read.1.tlog
c:\users\sunxp\desktop\github\risk-game\part-5\project1\project1\debug\project1.tlog\link.write.1.tlog
