c:\users\david\desktop\part5\part5\x64\debug\vc141.pdb
c:\users\david\desktop\part5\part5\x64\debug\vc141.idb
c:\users\david\desktop\part5\part5\x64\debug\player.obj
c:\users\david\desktop\part5\part5\x64\debug\map.obj
c:\users\david\desktop\part5\part5\x64\debug\main.obj
c:\users\david\desktop\part5\part5\x64\debug\gameengine.obj
c:\users\david\desktop\part5\part5\x64\debug\dice.obj
c:\users\david\desktop\part5\part5\x64\debug\country.obj
c:\users\david\desktop\part5\part5\x64\debug\continent.obj
c:\users\david\desktop\part5\part5\x64\debug\attackphase.obj
c:\users\sunxp\desktop\github\risk-game\a2\part5\x64\debug\part5.ilk
c:\users\sunxp\desktop\github\risk-game\a2\part5\x64\debug\part5.exe
c:\users\sunxp\desktop\github\risk-game\a2\part5\x64\debug\part5.pdb
c:\users\david\desktop\part5\x64\debug\part5.ilk
c:\users\david\desktop\part5\x64\debug\part5.exe
c:\users\david\desktop\part5\x64\debug\part5.pdb
c:\users\david\desktop\part5\part5\x64\debug\part5.tlog\cl.command.1.tlog
c:\users\david\desktop\part5\part5\x64\debug\part5.tlog\cl.read.1.tlog
c:\users\david\desktop\part5\part5\x64\debug\part5.tlog\cl.write.1.tlog
c:\users\david\desktop\part5\part5\x64\debug\part5.tlog\link.command.1.tlog
c:\users\david\desktop\part5\part5\x64\debug\part5.tlog\link.read.1.tlog
c:\users\david\desktop\part5\part5\x64\debug\part5.tlog\link.write.1.tlog
