c:\users\david\desktop\risk_a1\risk-game-master\a1\part-4\risk\risk\x64\debug\vc141.pdb
c:\users\david\desktop\risk_a1\risk-game-master\a1\part-4\risk\risk\x64\debug\vc141.idb
c:\users\david\desktop\risk_a1\risk-game-master\a1\part-4\risk\risk\x64\debug\player.obj
c:\users\david\desktop\risk_a1\risk-game-master\a1\part-4\risk\risk\x64\debug\map.obj
c:\users\david\desktop\risk_a1\risk-game-master\a1\part-4\risk\risk\x64\debug\main.obj
c:\users\david\desktop\risk_a1\risk-game-master\a1\part-4\risk\risk\x64\debug\hand.obj
c:\users\david\desktop\risk_a1\risk-game-master\a1\part-4\risk\risk\x64\debug\driver.obj
c:\users\david\desktop\risk_a1\risk-game-master\a1\part-4\risk\risk\x64\debug\dice.obj
c:\users\david\desktop\risk_a1\risk-game-master\a1\part-4\risk\risk\x64\debug\country.obj
c:\users\david\desktop\risk_a1\risk-game-master\a1\part-4\risk\risk\x64\debug\continent.obj
c:\users\david\desktop\risk_a1\risk-game-master\a1\part-4\risk\risk\x64\debug\card.obj
c:\users\david\desktop\risk_a1\risk-game-master\a1\part-4\risk\x64\debug\project2.pdb
c:\users\david\desktop\risk_a1\risk-game-master\a1\part-4\risk\risk\x64\debug\project2.tlog\cl.command.1.tlog
c:\users\david\desktop\risk_a1\risk-game-master\a1\part-4\risk\risk\x64\debug\project2.tlog\cl.read.1.tlog
c:\users\david\desktop\risk_a1\risk-game-master\a1\part-4\risk\risk\x64\debug\project2.tlog\cl.write.1.tlog
c:\users\david\desktop\risk_a1\risk-game-master\a1\part-4\risk\risk\x64\debug\project2.tlog\link-cvtres.read.1.tlog
c:\users\david\desktop\risk_a1\risk-game-master\a1\part-4\risk\risk\x64\debug\project2.tlog\link-cvtres.write.1.tlog
c:\users\david\desktop\risk_a1\risk-game-master\a1\part-4\risk\risk\x64\debug\project2.tlog\link-rc.read.1.tlog
c:\users\david\desktop\risk_a1\risk-game-master\a1\part-4\risk\risk\x64\debug\project2.tlog\link-rc.write.1.tlog
c:\users\david\desktop\risk_a1\risk-game-master\a1\part-4\risk\risk\x64\debug\project2.tlog\link.18148-cvtres.read.1.tlog
c:\users\david\desktop\risk_a1\risk-game-master\a1\part-4\risk\risk\x64\debug\project2.tlog\link.18148-cvtres.write.1.tlog
c:\users\david\desktop\risk_a1\risk-game-master\a1\part-4\risk\risk\x64\debug\project2.tlog\link.18148-rc.read.1.tlog
c:\users\david\desktop\risk_a1\risk-game-master\a1\part-4\risk\risk\x64\debug\project2.tlog\link.18148-rc.write.1.tlog
c:\users\david\desktop\risk_a1\risk-game-master\a1\part-4\risk\risk\x64\debug\project2.tlog\link.18148.read.1.tlog
c:\users\david\desktop\risk_a1\risk-game-master\a1\part-4\risk\risk\x64\debug\project2.tlog\link.18148.write.1.tlog
c:\users\david\desktop\risk_a1\risk-game-master\a1\part-4\risk\risk\x64\debug\project2.tlog\link.command.1.tlog
c:\users\david\desktop\risk_a1\risk-game-master\a1\part-4\risk\risk\x64\debug\project2.tlog\link.read.1.tlog
c:\users\david\desktop\risk_a1\risk-game-master\a1\part-4\risk\risk\x64\debug\project2.tlog\link.write.1.tlog
