c:\users\david\source\repos\risk\risk\debug\vc141.pdb
c:\users\david\source\repos\risk\risk\debug\vc141.idb
c:\users\david\source\repos\risk\risk\debug\player.obj
c:\users\david\source\repos\risk\risk\debug\hand.obj
c:\users\david\source\repos\risk\risk\debug\card.obj
c:\users\david\desktop\risk\risk-game\part-4\risk\risk\debug\vc141.pdb
c:\users\david\desktop\risk\risk-game\part-4\risk\risk\debug\vc141.idb
c:\users\david\desktop\risk\risk-game\part-4\risk\risk\debug\player.obj
c:\users\david\desktop\risk\risk-game\part-4\risk\risk\debug\driver.obj
c:\users\david\desktop\risk\risk-game\part-4\risk\risk\debug\country.obj
c:\users\david\desktop\risk\risk-game\part-4\risk\risk\debug\continent.obj
c:\users\david\desktop\risk\risk-game\part-4\risk\risk\debug\card.obj
c:\users\david\desktop\risk\risk-game\part-4\risk\risk\debug\hand.obj
c:\users\david\desktop\risk\risk-game\part-4\risk\risk\debug\dice.obj
c:\users\david\desktop\risk\risk-game\part-4\risk\risk\debug\main.obj
c:\users\david\desktop\risk\risk-game\part-4\risk\risk\debug\source.obj
c:\users\david\desktop\risk\risk-game\part-4\risk\risk\debug\test.obj
c:\users\david\desktop\risk\risk-game\part-4\risk\debug\project2.pdb
c:\users\david\desktop\risk\risk-game\part-4\risk\risk\debug\project2.tlog\cl.command.1.tlog
c:\users\david\desktop\risk\risk-game\part-4\risk\risk\debug\project2.tlog\cl.read.1.tlog
c:\users\david\desktop\risk\risk-game\part-4\risk\risk\debug\project2.tlog\cl.write.1.tlog
c:\users\david\desktop\risk\risk-game\part-4\risk\risk\debug\project2.tlog\link-cvtres.read.1.tlog
c:\users\david\desktop\risk\risk-game\part-4\risk\risk\debug\project2.tlog\link-cvtres.write.1.tlog
c:\users\david\desktop\risk\risk-game\part-4\risk\risk\debug\project2.tlog\link-rc.read.1.tlog
c:\users\david\desktop\risk\risk-game\part-4\risk\risk\debug\project2.tlog\link-rc.write.1.tlog
c:\users\david\desktop\risk\risk-game\part-4\risk\risk\debug\project2.tlog\link.57900-cvtres.read.1.tlog
c:\users\david\desktop\risk\risk-game\part-4\risk\risk\debug\project2.tlog\link.57900-cvtres.write.1.tlog
c:\users\david\desktop\risk\risk-game\part-4\risk\risk\debug\project2.tlog\link.57900-rc.read.1.tlog
c:\users\david\desktop\risk\risk-game\part-4\risk\risk\debug\project2.tlog\link.57900-rc.write.1.tlog
c:\users\david\desktop\risk\risk-game\part-4\risk\risk\debug\project2.tlog\link.57900.read.1.tlog
c:\users\david\desktop\risk\risk-game\part-4\risk\risk\debug\project2.tlog\link.57900.write.1.tlog
c:\users\david\desktop\risk\risk-game\part-4\risk\risk\debug\project2.tlog\link.command.1.tlog
c:\users\david\desktop\risk\risk-game\part-4\risk\risk\debug\project2.tlog\link.read.1.tlog
c:\users\david\desktop\risk\risk-game\part-4\risk\risk\debug\project2.tlog\link.write.1.tlog
