  AttackPhase.cpp
c:\users\erick_000\documents\github\risk-game\a4\part 2\project1\project1\attackphase.cpp(158): warning C4018: '<': signed/unsigned mismatch
  ConcreteStrategy1.cpp
c:\users\erick_000\documents\github\risk-game\a4\part 2\project1\project1\concretestrategy1.cpp(176): warning C4018: '<': signed/unsigned mismatch
  ConcreteStrategy2.cpp
  ConcreteStrategy3.cpp
c:\users\erick_000\documents\github\risk-game\a4\part 2\project1\project1\concretestrategy3.cpp(36): warning C4244: 'argument': conversion from 'time_t' to 'unsigned int', possible loss of data
c:\users\erick_000\documents\github\risk-game\a4\part 2\project1\project1\concretestrategy3.cpp(50): warning C4244: 'argument': conversion from 'time_t' to 'unsigned int', possible loss of data
c:\users\erick_000\documents\github\risk-game\a4\part 2\project1\project1\concretestrategy3.cpp(67): warning C4244: 'argument': conversion from 'time_t' to 'unsigned int', possible loss of data
c:\users\erick_000\documents\github\risk-game\a4\part 2\project1\project1\concretestrategy3.cpp(109): warning C4244: 'argument': conversion from 'time_t' to 'unsigned int', possible loss of data
c:\users\erick_000\documents\github\risk-game\a4\part 2\project1\project1\concretestrategy3.cpp(191): warning C4018: '<': signed/unsigned mismatch
c:\users\erick_000\documents\github\risk-game\a4\part 2\project1\project1\concretestrategy3.cpp(242): warning C4244: 'argument': conversion from 'time_t' to 'unsigned int', possible loss of data
c:\users\erick_000\documents\github\risk-game\a4\part 2\project1\project1\concretestrategy3.cpp(254): warning C4244: 'argument': conversion from 'time_t' to 'unsigned int', possible loss of data
c:\users\erick_000\documents\github\risk-game\a4\part 2\project1\project1\concretestrategy3.cpp(263): warning C4244: 'argument': conversion from 'time_t' to 'unsigned int', possible loss of data
  ConcreteStrategy4.cpp
c:\users\erick_000\documents\github\risk-game\a4\part 2\project1\project1\concretestrategy4.cpp(30): warning C4018: '<': signed/unsigned mismatch
c:\users\erick_000\documents\github\risk-game\a4\part 2\project1\project1\concretestrategy4.cpp(43): warning C4018: '<': signed/unsigned mismatch
c:\users\erick_000\documents\github\risk-game\a4\part 2\project1\project1\concretestrategy4.cpp(45): warning C4018: '<': signed/unsigned mismatch
  Country.cpp
  Driver.cpp
  FortificationPhase.cpp
  GameEngine.cpp
  MainDriver.cpp
  Map.cpp
c:\users\erick_000\documents\github\risk-game\a4\part 2\project1\project1\map.cpp(29): warning C4244: 'return': conversion from 'double' to 'int', possible loss of data
  MapManager.cpp
c:\users\erick_000\documents\github\risk-game\a4\part 2\project1\project1\mapmanager.cpp(180): warning C4018: '<': signed/unsigned mismatch
  Player.cpp
c:\users\erick_000\documents\github\risk-game\a4\part 2\project1\project1\player.cpp(107): warning C4018: '<': signed/unsigned mismatch
  StartupPhase.cpp
  Strategy.cpp
  Generating Code...
  Project1.vcxproj -> C:\Users\erick_000\Documents\GitHub\Risk-Game\A4\part 2\Project1\Debug\Project1.exe
