c:\users\erick_000\documents\github\risk-game\a3\part 1\project1\project1\debug\vc141.pdb
c:\users\erick_000\documents\github\risk-game\a3\part 1\project1\project1\debug\vc141.idb
c:\users\erick_000\documents\github\risk-game\a3\part 1\project1\project1\debug\strategy.obj
c:\users\erick_000\documents\github\risk-game\a3\part 1\project1\project1\debug\player.obj
c:\users\erick_000\documents\github\risk-game\a3\part 1\project1\project1\debug\map.obj
c:\users\erick_000\documents\github\risk-game\a3\part 1\project1\project1\debug\maindriver.obj
c:\users\erick_000\documents\github\risk-game\a3\part 1\project1\project1\debug\hand.obj
c:\users\erick_000\documents\github\risk-game\a3\part 1\project1\project1\debug\gameengine.obj
c:\users\erick_000\documents\github\risk-game\a3\part 1\project1\project1\debug\fortificationphase.obj
c:\users\erick_000\documents\github\risk-game\a3\part 1\project1\project1\debug\driver.obj
c:\users\erick_000\documents\github\risk-game\a3\part 1\project1\project1\debug\dice.obj
c:\users\erick_000\documents\github\risk-game\a3\part 1\project1\project1\debug\country.obj
c:\users\erick_000\documents\github\risk-game\a3\part 1\project1\project1\debug\continent.obj
c:\users\erick_000\documents\github\risk-game\a3\part 1\project1\project1\debug\concretestrategy2.obj
c:\users\erick_000\documents\github\risk-game\a3\part 1\project1\project1\debug\concretestrategy1.obj
c:\users\erick_000\documents\github\risk-game\a3\part 1\project1\project1\debug\card.obj
c:\users\erick_000\documents\github\risk-game\a3\part 1\project1\project1\debug\attackphase.obj
c:\users\erick_000\documents\github\risk-game\a3\part 1\project1\debug\project1.exe
c:\users\erick_000\documents\github\risk-game\a3\part 1\project1\debug\project1.ilk
c:\users\erick_000\documents\github\risk-game\a3\part 1\project1\debug\project1.pdb
c:\users\erick_000\documents\github\risk-game\a3\part 1\project1\project1\debug\project1.tlog\cl.command.1.tlog
c:\users\erick_000\documents\github\risk-game\a3\part 1\project1\project1\debug\project1.tlog\cl.read.1.tlog
c:\users\erick_000\documents\github\risk-game\a3\part 1\project1\project1\debug\project1.tlog\cl.write.1.tlog
c:\users\erick_000\documents\github\risk-game\a3\part 1\project1\project1\debug\project1.tlog\link.command.1.tlog
c:\users\erick_000\documents\github\risk-game\a3\part 1\project1\project1\debug\project1.tlog\link.read.1.tlog
c:\users\erick_000\documents\github\risk-game\a3\part 1\project1\project1\debug\project1.tlog\link.write.1.tlog
