c:\users\sunxp\desktop\github\risk-game\a2\part-6\part-6\debug\vc141.pdb
c:\users\sunxp\desktop\github\risk-game\a2\part-6\part-6\debug\vc141.idb
c:\users\sunxp\desktop\github\risk-game\a2\part-6\part-6\debug\main.obj
c:\users\sunxp\desktop\github\risk-game\a2\part-6\part-6\debug\fortificationphase.obj
c:\users\sunxp\desktop\github\risk-game\a2\part-6\part-6\debug\player.obj
c:\users\sunxp\desktop\github\risk-game\a2\part-6\part-6\debug\map.obj
c:\users\sunxp\desktop\github\risk-game\a2\part-6\part-6\debug\country.obj
c:\users\sunxp\desktop\github\risk-game\a2\part-6\part-6\debug\continent.obj
c:\users\sunxp\desktop\github\risk-game\a2\part-6\part-6\debug\dice.obj
c:\users\sunxp\desktop\github\risk-game\a2\part-6\debug\part-6.exe
c:\users\sunxp\desktop\github\risk-game\a2\part-6\debug\part-6.ilk
c:\users\sunxp\desktop\github\risk-game\a2\part-6\debug\part-6.pdb
c:\users\sunxp\desktop\github\risk-game\a2\part-6\part-6\debug\part-6.tlog\cl.command.1.tlog
c:\users\sunxp\desktop\github\risk-game\a2\part-6\part-6\debug\part-6.tlog\cl.read.1.tlog
c:\users\sunxp\desktop\github\risk-game\a2\part-6\part-6\debug\part-6.tlog\cl.write.1.tlog
c:\users\sunxp\desktop\github\risk-game\a2\part-6\part-6\debug\part-6.tlog\link-cvtres.read.1.tlog
c:\users\sunxp\desktop\github\risk-game\a2\part-6\part-6\debug\part-6.tlog\link-cvtres.write.1.tlog
c:\users\sunxp\desktop\github\risk-game\a2\part-6\part-6\debug\part-6.tlog\link-rc.read.1.tlog
c:\users\sunxp\desktop\github\risk-game\a2\part-6\part-6\debug\part-6.tlog\link-rc.write.1.tlog
c:\users\sunxp\desktop\github\risk-game\a2\part-6\part-6\debug\part-6.tlog\link.18528-cvtres.read.1.tlog
c:\users\sunxp\desktop\github\risk-game\a2\part-6\part-6\debug\part-6.tlog\link.18528-cvtres.write.1.tlog
c:\users\sunxp\desktop\github\risk-game\a2\part-6\part-6\debug\part-6.tlog\link.18528-rc.read.1.tlog
c:\users\sunxp\desktop\github\risk-game\a2\part-6\part-6\debug\part-6.tlog\link.18528-rc.write.1.tlog
c:\users\sunxp\desktop\github\risk-game\a2\part-6\part-6\debug\part-6.tlog\link.18528.read.1.tlog
c:\users\sunxp\desktop\github\risk-game\a2\part-6\part-6\debug\part-6.tlog\link.18528.write.1.tlog
c:\users\sunxp\desktop\github\risk-game\a2\part-6\part-6\debug\part-6.tlog\link.command.1.tlog
c:\users\sunxp\desktop\github\risk-game\a2\part-6\part-6\debug\part-6.tlog\link.read.1.tlog
c:\users\sunxp\desktop\github\risk-game\a2\part-6\part-6\debug\part-6.tlog\link.write.1.tlog
